\BOOKMARK [0][-]{chapter.1}{\376\377\000I\000n\000t\000r\000o\000d\000u\000c\000t\000i\000o\000n}{}% 1
\BOOKMARK [1][-]{section.1.1}{\376\377\000P\000r\000o\000b\000l\000e\000m\000\040\000s\000t\000a\000t\000e\000m\000e\000n\000t}{chapter.1}% 2
\BOOKMARK [1][-]{section.1.2}{\376\377\000G\000o\000a\000l\000s}{chapter.1}% 3
\BOOKMARK [1][-]{section.1.3}{\376\377\000S\000c\000o\000p\000e}{chapter.1}% 4
\BOOKMARK [0][-]{chapter.2}{\376\377\000T\000e\000c\000h\000n\000o\000l\000o\000g\000y\000\040\000S\000t\000a\000c\000k}{}% 5
\BOOKMARK [1][-]{section.2.1}{\376\377\000\040\000W\000e\000b\000\040\000a\000p\000p\000l\000i\000c\000a\000t\000i\000o\000n\000\040\000d\000e\000v\000e\000l\000o\000p\000m\000e\000n\000t}{chapter.2}% 6
\BOOKMARK [1][-]{section.2.2}{\376\377\000F\000r\000o\000n\000t\000-\000e\000n\000d\000\040\000d\000e\000v\000e\000l\000o\000p\000m\000e\000n\000t}{chapter.2}% 7
\BOOKMARK [2][-]{subsection.2.2.1}{\376\377\000A\000n\000g\000u\000l\000a\000r\000J\000S}{section.2.2}% 8
\BOOKMARK [2][-]{subsection.2.2.2}{\376\377\000R\000e\000a\000c\000t\000J\000S}{section.2.2}% 9
\BOOKMARK [2][-]{subsection.2.2.3}{\376\377\000V\000u\000e\000J\000S}{section.2.2}% 10
\BOOKMARK [2][-]{subsection.2.2.4}{\376\377\000P\000r\000o\000s\000\040\000a\000n\000d\000\040\000C\000o\000n\000s}{section.2.2}% 11
\BOOKMARK [1][-]{section.2.3}{\376\377\000B\000a\000c\000k\000-\000e\000n\000d\000\040\000d\000e\000v\000e\000l\000o\000p\000m\000e\000n\000t}{chapter.2}% 12
\BOOKMARK [2][-]{subsection.2.3.1}{\376\377\000A\000S\000P\000.\000N\000E\000T\000\040\000C\000o\000r\000e}{section.2.3}% 13
\BOOKMARK [2][-]{subsection.2.3.2}{\376\377\000N\000e\000s\000t\000J\000S}{section.2.3}% 14
\BOOKMARK [2][-]{subsection.2.3.3}{\376\377\000S\000p\000r\000i\000n\000g\000\040\000B\000o\000o\000t}{section.2.3}% 15
\BOOKMARK [2][-]{subsection.2.3.4}{\376\377\000B\000a\000c\000k\000e\000n\000d\000\040\000T\000e\000c\000h\000n\000o\000l\000o\000g\000y\000\040\000P\000r\000o\000s\000\040\000a\000n\000d\000\040\000C\000o\000n\000s}{section.2.3}% 16
\BOOKMARK [1][-]{section.2.4}{\376\377\000D\000a\000t\000a\000b\000a\000s\000e}{chapter.2}% 17
\BOOKMARK [2][-]{subsection.2.4.1}{\376\377\000R\000e\000l\000a\000t\000i\000o\000n\000a\000l\000\040\000D\000a\000t\000a\000b\000a\000s\000e\000s}{section.2.4}% 18
\BOOKMARK [2][-]{subsection.2.4.2}{\376\377\000N\000o\000S\000Q\000L\000\040\000D\000a\000t\000a\000b\000a\000s\000e\000s}{section.2.4}% 19
\BOOKMARK [2][-]{subsection.2.4.3}{\376\377\000D\000a\000t\000a\000b\000a\000s\000e\000\040\000T\000e\000c\000h\000n\000o\000l\000o\000g\000y\000\040\000P\000r\000o\000s\000\040\000a\000n\000d\000\040\000C\000o\000n\000s}{section.2.4}% 20
\BOOKMARK [1][-]{section.2.5}{\376\377\000S\000a\000n\000d\000b\000o\000x\000e\000d\000\040\000E\000x\000e\000c\000u\000t\000i\000o\000n\000\040\000E\000n\000v\000i\000r\000o\000n\000m\000e\000n\000t}{chapter.2}% 21
\BOOKMARK [2][-]{subsection.2.5.1}{\376\377\000F\000i\000r\000e\000c\000r\000a\000c\000k\000e\000r\000\040\000M\000i\000c\000r\000o\000V\000M\000s}{section.2.5}% 22
\BOOKMARK [0][-]{chapter.3}{\376\377\000S\000y\000s\000t\000e\000m\000\040\000D\000e\000s\000i\000g\000n\000\040\000a\000n\000d\000\040\000A\000n\000a\000l\000y\000s\000i\000s}{}% 23
\BOOKMARK [1][-]{section.3.1}{\376\377\000R\000e\000l\000a\000t\000e\000d\000\040\000w\000o\000r\000k\000s}{chapter.3}% 24
\BOOKMARK [2][-]{subsection.3.1.1}{\376\377\000L\000e\000e\000t\000c\000o\000d\000e}{section.3.1}% 25
\BOOKMARK [2][-]{subsection.3.1.2}{\376\377\000C\000o\000d\000e\000f\000o\000r\000c\000e\000s}{section.3.1}% 26
\BOOKMARK [2][-]{subsection.3.1.3}{\376\377\000\040\000W\000e\000b\000s\000i\000t\000e\000s\000\040\000c\000o\000m\000p\000a\000r\000i\000s\000o\000n}{section.3.1}% 27
\BOOKMARK [1][-]{section.3.2}{\376\377\000R\000e\000q\000u\000i\000r\000e\000m\000e\000n\000t\000\040\000a\000n\000a\000l\000y\000s\000i\000s}{chapter.3}% 28
\BOOKMARK [2][-]{subsection.3.2.1}{\376\377\000S\000t\000a\000k\000e\000h\000o\000l\000d\000e\000r\000s}{section.3.2}% 29
\BOOKMARK [2][-]{subsection.3.2.2}{\376\377\000F\000u\000n\000c